<?xml version="1.0" encoding="UTF-8"?>
<!-- Generated by org.testng.reporters.JUnitReportReporter -->
<testsuite hostname="Vikram" failures="0" tests="1" name="books.TC_DWS_005_Test" time="4.743" errors="0" timestamp="2024-08-15T11:49:00 IST" skipped="0">
  <testcase classname="books.TC_DWS_005_Test" name="clickOnButton" time="4.743"/>
  <system-out>
    <![CDATA[Books page is displayed
Test Scrips is Passed]]>
  </system-out>
</testsuite> <!-- books.TC_DWS_005_Test -->
