<?xml version="1.0" encoding="UTF-8"?>
<!-- Generated by org.testng.reporters.JUnitReportReporter -->
<testsuite hostname="Vikram" failures="0" tests="1" name="login.PollScmTest" time="0.023" errors="0" timestamp="2024-08-16T11:52:25 IST" skipped="0">
  <testcase classname="login.PollScmTest" name="poll" time="0.023"/>
  <system-out>
    <![CDATA[Poll scm class added and executed]]>
  </system-out>
</testsuite> <!-- login.PollScmTest -->
